<?xml version="1.0" encoding="UTF-8"?>
<!-- Generated by org.testng.reporters.JUnitReportReporter -->
<testsuite skipped="0" hostname="Paresis-MacBook-Air-2.local" name="testCase.sysE2E.SignInFeature" tests="1" failures="0" timestamp="10 Mar 2020 04:39:05 GMT" time="41.245" errors="0">
  <testcase name="signIn_CorretInfo" time="41.245" classname="testCase.sysE2E.SignInFeature"/>
</testsuite> <!-- testCase.sysE2E.SignInFeature -->
